{
  "RSpec": {
    "coverage": {
      "/media/sf_rubyonrails/ratebeerRoR/app/helpers/application_helper.rb": {
        "lines": [
          1,
          null
        ]
      },
      "/media/sf_rubyonrails/ratebeerRoR/app/helpers/beer_clubs_helper.rb": {
        "lines": [
          1,
          null
        ]
      },
      "/media/sf_rubyonrails/ratebeerRoR/app/helpers/beers_helper.rb": {
        "lines": [
          1,
          null
        ]
      },
      "/media/sf_rubyonrails/ratebeerRoR/app/helpers/breweries_helper.rb": {
        "lines": [
          1,
          null
        ]
      },
      "/media/sf_rubyonrails/ratebeerRoR/app/helpers/memberships_helper.rb": {
        "lines": [
          1,
          null
        ]
      },
      "/media/sf_rubyonrails/ratebeerRoR/app/helpers/users_helper.rb": {
        "lines": [
          1,
          null
        ]
      },
      "/media/sf_rubyonrails/ratebeerRoR/app/models/beer.rb": {
        "lines": [
          1,
          1,
          1,
          1,
          1,
          null,
          1,
          1,
          null,
          1,
          null,
          1,
          2,
          null,
          null
        ]
      },
      "/media/sf_rubyonrails/ratebeerRoR/app/models/application_record.rb": {
        "lines": [
          1,
          1,
          null
        ]
      },
      "/media/sf_rubyonrails/ratebeerRoR/app/models/concerns/rating_average.rb": {
        "lines": [
          1,
          1,
          null,
          1,
          16,
          40,
          null,
          null
        ]
      },
      "/media/sf_rubyonrails/ratebeerRoR/app/models/user.rb": {
        "lines": [
          1,
          1,
          1,
          1,
          1,
          null,
          1,
          null,
          1,
          null,
          1,
          1,
          1,
          null,
          1,
          3,
          null,
          2,
          null,
          null,
          1,
          17,
          null,
          8,
          39,
          8,
          null,
          null,
          1,
          17,
          null,
          8,
          20,
          null,
          null,
          1,
          0,
          0,
          null,
          null,
          1,
          0,
          null,
          null
        ]
      },
      "/media/sf_rubyonrails/ratebeerRoR/app/models/brewery.rb": {
        "lines": [
          1,
          1,
          1,
          null,
          1,
          null,
          1,
          1,
          1,
          null,
          1,
          0,
          0,
          0,
          null,
          null,
          1,
          0,
          0,
          null,
          null,
          1,
          55,
          null,
          0,
          null,
          null
        ]
      },
      "/media/sf_rubyonrails/ratebeerRoR/app/models/style.rb": {
        "lines": [
          1,
          1,
          null
        ]
      },
      "/media/sf_rubyonrails/ratebeerRoR/app/controllers/sessions_controller.rb": {
        "lines": [
          1,
          1,
          null,
          null,
          null,
          1,
          null,
          8,
          null,
          8,
          7,
          7,
          null,
          1,
          null,
          null,
          null,
          1,
          null,
          0,
          null,
          0,
          null,
          null
        ]
      },
      "/media/sf_rubyonrails/ratebeerRoR/app/controllers/application_controller.rb": {
        "lines": [
          1,
          null,
          1,
          1,
          1,
          null,
          1,
          138,
          null,
          91,
          null,
          null,
          1,
          0,
          null,
          0,
          null,
          null,
          1,
          4,
          null,
          null
        ]
      },
      "/media/sf_rubyonrails/ratebeerRoR/app/controllers/users_controller.rb": {
        "lines": [
          1,
          1,
          null,
          null,
          1,
          0,
          null,
          null,
          null,
          1,
          null,
          null,
          null,
          1,
          1,
          null,
          null,
          null,
          1,
          null,
          null,
          null,
          1,
          1,
          null,
          1,
          1,
          2,
          1,
          null,
          0,
          0,
          null,
          null,
          null,
          null,
          null,
          1,
          0,
          0,
          0,
          0,
          0,
          null,
          0,
          0,
          null,
          null,
          null,
          0,
          null,
          null,
          null,
          null,
          1,
          0,
          0,
          0,
          null,
          0,
          0,
          0,
          null,
          null,
          0,
          null,
          null,
          null,
          1,
          null,
          null,
          1,
          14,
          null,
          null,
          null,
          1,
          1,
          null,
          null
        ]
      },
      "/media/sf_rubyonrails/ratebeerRoR/app/models/rating.rb": {
        "lines": [
          1,
          1,
          1,
          null,
          1,
          null,
          1,
          24,
          null,
          null
        ]
      },
      "/media/sf_rubyonrails/ratebeerRoR/app/models/membership.rb": {
        "lines": [
          1,
          1,
          1,
          null
        ]
      },
      "/media/sf_rubyonrails/ratebeerRoR/app/models/beer_club.rb": {
        "lines": [
          1,
          1,
          1,
          null
        ]
      },
      "/media/sf_rubyonrails/ratebeerRoR/app/controllers/beers_controller.rb": {
        "lines": [
          1,
          1,
          1,
          1,
          null,
          null,
          1,
          1,
          null,
          null,
          null,
          1,
          0,
          0,
          null,
          null,
          null,
          1,
          2,
          null,
          null,
          null,
          1,
          null,
          null,
          null,
          1,
          2,
          2,
          2,
          null,
          2,
          2,
          2,
          1,
          null,
          2,
          1,
          null,
          null,
          null,
          null,
          null,
          1,
          0,
          0,
          0,
          0,
          null,
          0,
          0,
          null,
          null,
          null,
          null,
          null,
          1,
          0,
          null,
          0,
          0,
          0,
          null,
          null,
          null,
          1,
          null,
          null,
          1,
          0,
          null,
          null,
          null,
          1,
          6,
          null,
          null,
          1,
          4,
          8,
          null,
          null
        ]
      },
      "/media/sf_rubyonrails/ratebeerRoR/app/controllers/breweries_controller.rb": {
        "lines": [
          1,
          1,
          1,
          null,
          null,
          1,
          3,
          null,
          null,
          null,
          1,
          null,
          null,
          null,
          1,
          0,
          null,
          null,
          null,
          1,
          null,
          null,
          null,
          1,
          0,
          null,
          0,
          0,
          0,
          0,
          null,
          0,
          0,
          null,
          null,
          null,
          null,
          null,
          1,
          0,
          0,
          0,
          0,
          null,
          0,
          0,
          null,
          null,
          null,
          null,
          null,
          1,
          0,
          null,
          0,
          0,
          0,
          null,
          null,
          null,
          1,
          null,
          null,
          1,
          1,
          null,
          null,
          null,
          1,
          0,
          null,
          null
        ]
      },
      "/media/sf_rubyonrails/ratebeerRoR/app/services/beermapping_api.rb": {
        "lines": [
          1,
          1,
          5,
          9,
          null,
          null,
          1,
          4,
          null,
          4,
          4,
          null,
          4,
          null,
          3,
          3,
          6,
          null,
          null,
          null,
          1,
          0,
          0,
          null,
          null
        ]
      },
      "/media/sf_rubyonrails/ratebeerRoR/app/models/place.rb": {
        "lines": [
          1,
          null,
          1,
          1,
          6,
          null,
          null
        ]
      },
      "/media/sf_rubyonrails/ratebeerRoR/app/controllers/places_controller.rb": {
        "lines": [
          1,
          1,
          null,
          null,
          1,
          0,
          0,
          null,
          0,
          0,
          0,
          null,
          0,
          null,
          null,
          null,
          null,
          1,
          3,
          3,
          1,
          null,
          2,
          2,
          null,
          null,
          null
        ]
      },
      "/media/sf_rubyonrails/ratebeerRoR/app/controllers/ratings_controller.rb": {
        "lines": [
          1,
          1,
          1,
          null,
          null,
          1,
          1,
          1,
          null,
          null,
          1,
          1,
          1,
          null,
          1,
          1,
          null,
          0,
          0,
          null,
          null,
          null,
          1,
          1,
          1,
          1,
          null,
          null
        ]
      },
      "/media/sf_rubyonrails/ratebeerRoR/app/controllers/beer_clubs_controller.rb": {
        "lines": [
          0,
          0,
          0,
          null,
          null,
          0,
          0,
          0,
          null,
          null,
          0,
          0,
          0,
          0,
          0,
          0,
          0,
          0,
          null,
          null,
          0,
          0,
          0,
          null,
          null,
          0,
          0,
          null,
          null,
          0,
          0,
          null,
          0,
          0,
          0,
          0,
          0,
          0,
          0,
          0,
          0,
          0,
          null,
          null,
          0,
          0,
          0,
          0,
          0,
          0,
          0,
          0,
          0,
          0,
          0,
          null,
          null,
          0,
          0,
          null,
          0,
          0,
          0,
          0,
          0,
          null,
          0,
          null,
          null,
          0,
          0,
          0,
          null,
          null,
          0,
          0,
          0,
          0
        ],
        "branches": {}
      },
      "/media/sf_rubyonrails/ratebeerRoR/app/controllers/memberships_controller.rb": {
        "lines": [
          0,
          0,
          null,
          null,
          0,
          0,
          0,
          null,
          null,
          0,
          0,
          null,
          null,
          0,
          0,
          0,
          0,
          0,
          null,
          null,
          0,
          0,
          null,
          null,
          0,
          0,
          0,
          null,
          0,
          0,
          0,
          0,
          0,
          0,
          0,
          0,
          0,
          0,
          0,
          0,
          0,
          null,
          null,
          0,
          0,
          0,
          0,
          0,
          0,
          0,
          0,
          0,
          0,
          0,
          null,
          null,
          0,
          0,
          0,
          0,
          0,
          null,
          0,
          null,
          null,
          0,
          0,
          0,
          null,
          null,
          0,
          0,
          0,
          0
        ],
        "branches": {}
      },
      "/media/sf_rubyonrails/ratebeerRoR/app/controllers/styles_controller.rb": {
        "lines": [
          0,
          0,
          null,
          0,
          0,
          0,
          null,
          0,
          0,
          0,
          null,
          0,
          0,
          0,
          0
        ],
        "branches": {}
      },
      "/media/sf_rubyonrails/ratebeerRoR/app/jobs/application_job.rb": {
        "lines": [
          0,
          null,
          null,
          null,
          null,
          null,
          0
        ],
        "branches": {}
      },
      "/media/sf_rubyonrails/ratebeerRoR/app/mailers/application_mailer.rb": {
        "lines": [
          0,
          0,
          0,
          0
        ],
        "branches": {}
      }
    },
    "timestamp": 1746208841
  }
}
